[2025-03-12T18:44:48.111Z] GET: /
[2025-03-12T18:44:48.190Z] GET: /favicon.ico
[2025-03-12T18:45:27.891Z] GET: /products
[2025-03-12T18:50:05.731Z] POST: /products
[2025-03-12T18:50:53.563Z] POST: /products
[2025-03-12T18:50:56.445Z] POST: /products
[2025-03-12T18:51:55.167Z] POST: /products
[2025-03-12T18:52:00.474Z] GET: /products
[2025-03-12T18:52:02.037Z] GET: /products
[2025-03-12T18:52:02.181Z] GET: /products
[2025-03-12T18:52:02.349Z] GET: /products
[2025-03-12T18:52:02.501Z] GET: /products
[2025-03-12T18:52:02.653Z] GET: /products
[2025-03-12T18:52:39.997Z] GET: /product
[2025-03-12T18:52:44.971Z] GET: /product
[2025-03-12T18:55:05.573Z] GET: /products/:id
[2025-03-12T18:55:13.329Z] GET: /products
[2025-03-12T20:09:02.576Z] GET: /
[2025-03-12T20:09:02.634Z] GET: /favicon.ico
[2025-03-12T20:09:39.894Z] GET: /products
[2025-03-12T20:09:51.625Z] POST: /products
[2025-03-12T20:09:58.524Z] GET: /products
[2025-03-12T20:09:58.730Z] GET: /products
[2025-03-12T20:09:58.859Z] GET: /products